<?xml version="1.0" encoding="utf-8" standalone="no"?>
<!--This file represents the results of running a test suite-->
<test-results name="C:\_prj\common-logging\build\net40\Common.Logging.Tests\Debug\Common.Logging.Tests.dll" total="83" errors="0" failures="0" not-run="0" inconclusive="0" ignored="0" skipped="0" invalid="0" date="2012-01-19" time="08:51:31">
  <environment nunit-version="2.5.10.11092" clr-version="2.0.50727.5448" os-version="Microsoft Windows NT 6.1.7601 Service Pack 1" platform="Win32NT" cwd="C:\_prj\common-logging\build\net40\Common.Logging.Tests\Debug" machine-name="RAVEN" user="sbohlen" user-domain="Raven" />
  <culture-info current-culture="en-US" current-uiculture="en-US" />
  <test-suite type="Assembly" name="C:\_prj\common-logging\build\net40\Common.Logging.Tests\Debug\Common.Logging.Tests.dll" executed="True" result="Success" success="True" time="0.843" asserts="0">
    <results>
      <test-suite type="Namespace" name="Common" executed="True" result="Success" success="True" time="0.839" asserts="0">
        <results>
          <test-suite type="Namespace" name="Logging" executed="True" result="Success" success="True" time="0.839" asserts="0">
            <results>
              <test-suite type="Namespace" name="Configuration" executed="True" result="Success" success="True" time="0.064" asserts="0">
                <results>
                  <test-suite type="TestFixture" name="ArgUtilsTests" executed="True" result="Success" success="True" time="0.058" asserts="0">
                    <results>
                      <test-case name="Common.Logging.Configuration.ArgUtilsTests.AssertIsAssignable" executed="True" result="Success" success="True" time="0.021" asserts="3" />
                      <test-case name="Common.Logging.Configuration.ArgUtilsTests.AssertNotNullThrowsArgumentNullException" executed="True" result="Success" success="True" time="0.002" asserts="3" />
                      <test-case name="Common.Logging.Configuration.ArgUtilsTests.Coalesce" executed="True" result="Success" success="True" time="0.002" asserts="6" />
                      <test-case name="Common.Logging.Configuration.ArgUtilsTests.GetValue" executed="True" result="Success" success="True" time="0.001" asserts="5" />
                      <test-case name="Common.Logging.Configuration.ArgUtilsTests.Guard" executed="True" result="Success" success="True" time="0.004" asserts="3" />
                      <test-case name="Common.Logging.Configuration.ArgUtilsTests.TryParse" executed="True" result="Success" success="True" time="0.014" asserts="9" />
                      <test-case name="Common.Logging.Configuration.ArgUtilsTests.TryParseEnum" executed="True" result="Success" success="True" time="0.002" asserts="4" />
                    </results>
                  </test-suite>
                  <test-suite type="TestFixture" name="DefaultConfigurationReaderTests" executed="True" result="Success" success="True" time="0.001" asserts="0">
                    <results>
                      <test-case name="Common.Logging.Configuration.DefaultConfigurationReaderTests.ReadsAppConfig" executed="True" result="Success" success="True" time="0.001" asserts="1" />
                    </results>
                  </test-suite>
                </results>
              </test-suite>
              <test-suite type="TestFixture" name="ConfigurationSectionHandlerTests" executed="True" result="Success" success="True" time="0.057" asserts="0">
                <results>
                  <test-case name="Common.Logging.ConfigurationSectionHandlerTests.ArgumentKeysCaseInsensitive" executed="True" result="Success" success="True" time="0.044" asserts="3" />
                  <test-case name="Common.Logging.ConfigurationSectionHandlerTests.ConsoleShortCut" executed="True" result="Success" success="True" time="0.001" asserts="2" />
                  <test-case name="Common.Logging.ConfigurationSectionHandlerTests.NoKeyElementForAdapterArguments" executed="True" result="Success" success="True" time="0.005" asserts="0" />
                  <test-case name="Common.Logging.ConfigurationSectionHandlerTests.NoOpShortCut" executed="True" result="Success" success="True" time="0.000" asserts="2" />
                  <test-case name="Common.Logging.ConfigurationSectionHandlerTests.NoParentSectionsAllowed" executed="True" result="Success" success="True" time="0.001" asserts="1" />
                  <test-case name="Common.Logging.ConfigurationSectionHandlerTests.NoTypeElementForAdapterDeclaration" executed="True" result="Success" success="True" time="0.000" asserts="0" />
                  <test-case name="Common.Logging.ConfigurationSectionHandlerTests.TooManyAdapterElements" executed="True" result="Success" success="True" time="0.001" asserts="1" />
                  <test-case name="Common.Logging.ConfigurationSectionHandlerTests.TraceShortCut" executed="True" result="Success" success="True" time="0.001" asserts="2" />
                </results>
              </test-suite>
              <test-suite type="Namespace" name="Factory" executed="True" result="Success" success="True" time="0.463" asserts="0">
                <results>
                  <test-suite type="TestFixture" name="AbstractLoggerTests" executed="True" result="Success" success="True" time="0.462" asserts="0">
                    <results>
                      <test-case name="Common.Logging.Factory.AbstractLoggerTests.ImplementsAllMethodsForAllLevels" executed="True" result="Success" success="True" time="0.002" asserts="36" />
                      <test-case name="Common.Logging.Factory.AbstractLoggerTests.IsSerializable" executed="True" result="Success" success="True" time="0.000" asserts="0" />
                      <test-case name="Common.Logging.Factory.AbstractLoggerTests.LogsMessage" executed="True" result="Success" success="True" time="0.021" asserts="180" />
                      <test-case name="Common.Logging.Factory.AbstractLoggerTests.WriteAndEvaluateOnlyWhenLevelEnabled" executed="True" result="Success" success="True" time="0.300" asserts="0" />
                      <test-case name="Common.Logging.Factory.AbstractLoggerTests.WriteIsCalledWithCorrectLogLevel" executed="True" result="Success" success="True" time="0.134" asserts="0" />
                    </results>
                  </test-suite>
                </results>
              </test-suite>
              <test-suite type="TestFixture" name="LoggingExceptionTests" executed="True" result="Success" success="True" time="0.010" asserts="0">
                <results>
                  <test-case name="Common.Logging.LoggingExceptionTests.ExceptionsTest.TestStandardsCompliance" executed="True" result="Success" success="True" time="0.006" asserts="31" />
                  <test-case name="Common.Logging.LoggingExceptionTests.ExceptionsTest.TestThisTest" executed="True" result="Success" success="True" time="0.003" asserts="93" />
                </results>
              </test-suite>
              <test-suite type="TestFixture" name="LogManagerTests" executed="True" result="Success" success="True" time="0.044" asserts="0">
                <results>
                  <test-case name="Common.Logging.LogManagerTests.AdapterDoesNotHaveCorrectCtors" executed="True" result="Success" success="True" time="0.005" asserts="0" />
                  <test-case name="Common.Logging.LogManagerTests.AdapterDoesNotHaveCorrectCtorsWithArgs" executed="True" result="Success" success="True" time="0.001" asserts="0" />
                  <test-case name="Common.Logging.LogManagerTests.AdapterDoesNotImplementInterface" executed="True" result="Success" success="True" time="0.001" asserts="0" />
                  <test-case name="Common.Logging.LogManagerTests.AdapterProperty" executed="True" result="Success" success="True" time="0.002" asserts="2" />
                  <test-case name="Common.Logging.LogManagerTests.ConfigureFromConfigurationReader" executed="True" result="Success" success="True" time="0.026" asserts="4" />
                  <test-case name="Common.Logging.LogManagerTests.ConfigureFromStandaloneConfig" executed="True" result="Success" success="True" time="0.001" asserts="1" />
                  <test-case name="Common.Logging.LogManagerTests.GetCurrentClassLoggerUsesCorrectType" executed="True" result="Success" success="True" time="0.000" asserts="1" />
                  <test-case name="Common.Logging.LogManagerTests.InvalidAdapterType" executed="True" result="Success" success="True" time="0.001" asserts="0" />
                  <test-case name="Common.Logging.LogManagerTests.InvalidXmlSection" executed="True" result="Success" success="True" time="0.000" asserts="1" />
                  <test-case name="Common.Logging.LogManagerTests.Reset" executed="True" result="Success" success="True" time="0.002" asserts="3" />
                </results>
              </test-suite>
              <test-suite type="Namespace" name="Simple" executed="True" result="Success" success="True" time="0.190" asserts="0">
                <results>
                  <test-suite type="TestFixture" name="AbstractSimpleLoggerTests" executed="True" result="Success" success="True" time="0.004" asserts="0">
                    <results>
                      <test-case name="Common.Logging.Simple.AbstractSimpleLoggerTests.ConfiguredValues" executed="True" result="Success" success="True" time="0.002" asserts="7" />
                      <test-case name="Common.Logging.Simple.AbstractSimpleLoggerTests.DefaultValues" executed="True" result="Success" success="True" time="0.000" asserts="7" />
                      <test-case name="Common.Logging.Simple.AbstractSimpleLoggerTests.IsSerializable" executed="True" result="Success" success="True" time="0.000" asserts="1" />
                    </results>
                  </test-suite>
                  <test-suite type="TestFixture" name="CapturingLoggerTests" executed="True" result="Success" success="True" time="0.064" asserts="0">
                    <results>
                      <test-case name="Common.Logging.Simple.CapturingLoggerTests.AdapterCapturesAllEvents" executed="True" result="Success" success="True" time="0.041" asserts="8" />
                      <test-case name="Common.Logging.Simple.CapturingLoggerTests.AdapterClearsEvents" executed="True" result="Success" success="True" time="0.001" asserts="5" />
                      <test-case name="Common.Logging.Simple.CapturingLoggerTests.ILogTestsBase.CanCallIsEnabledFromNamedLog" executed="True" result="Success" success="True" time="0.001" asserts="0" />
                      <test-case name="Common.Logging.Simple.CapturingLoggerTests.ILogTestsBase.CanCallIsEnabledFromTypeLog" executed="True" result="Success" success="True" time="0.002" asserts="0" />
                      <test-case name="Common.Logging.Simple.CapturingLoggerTests.ILogTestsBase.CanLogMessageFromNamedLog" executed="True" result="Success" success="True" time="0.000" asserts="0" />
                      <test-case name="Common.Logging.Simple.CapturingLoggerTests.ILogTestsBase.CanLogMessageFromTypeLog" executed="True" result="Success" success="True" time="0.000" asserts="0" />
                      <test-case name="Common.Logging.Simple.CapturingLoggerTests.ILogTestsBase.CanLogMessageWithExceptionFromNamedLog" executed="True" result="Success" success="True" time="0.001" asserts="0" />
                      <test-case name="Common.Logging.Simple.CapturingLoggerTests.ILogTestsBase.CanLogMessageWithExceptionFromTypeLog" executed="True" result="Success" success="True" time="0.000" asserts="0" />
                      <test-case name="Common.Logging.Simple.CapturingLoggerTests.ILogTestsBase.LoggingWithNullParameters" executed="True" result="Success" success="True" time="0.001" asserts="0" />
                      <test-case name="Common.Logging.Simple.CapturingLoggerTests.ILogTestsBase.SecurityPolicyIsInPlace" executed="True" result="Success" success="True" time="0.003" asserts="1" />
                      <test-case name="Common.Logging.Simple.CapturingLoggerTests.LoggerCanChangeLogLevel" executed="True" result="Success" success="True" time="0.001" asserts="3" />
                      <test-case name="Common.Logging.Simple.CapturingLoggerTests.LoggerCapturesIndividualEvents" executed="True" result="Success" success="True" time="0.001" asserts="7" />
                      <test-case name="Common.Logging.Simple.CapturingLoggerTests.LoggerClearsEvents" executed="True" result="Success" success="True" time="0.001" asserts="5" />
                    </results>
                  </test-suite>
                  <test-suite type="TestFixture" name="CommonLoggingTraceListenerTests" executed="True" result="Success" success="True" time="0.011" asserts="0">
                    <results>
                      <test-case name="Common.Logging.Simple.CommonLoggingTraceListenerTests.AcceptsNullCategory" executed="True" result="Success" success="True" time="0.003" asserts="44" />
                      <test-case name="Common.Logging.Simple.CommonLoggingTraceListenerTests.DefaultSettings" executed="True" result="Success" success="True" time="0.000" asserts="3" />
                      <test-case name="Common.Logging.Simple.CommonLoggingTraceListenerTests.DoesNotLogBelowFilterLevel" executed="True" result="Success" success="True" time="0.001" asserts="9" />
                      <test-case name="Common.Logging.Simple.CommonLoggingTraceListenerTests.LogsUsingCommonLogging" executed="True" result="Success" success="True" time="0.001" asserts="44" />
                      <test-case name="Common.Logging.Simple.CommonLoggingTraceListenerTests.ProcessesInitializeData" executed="True" result="Success" success="True" time="0.001" asserts="9" />
                      <test-case name="Common.Logging.Simple.CommonLoggingTraceListenerTests.ProcessesProperties" executed="True" result="Success" success="True" time="0.001" asserts="3" />
                    </results>
                  </test-suite>
                  <test-suite type="TestFixture" name="ConsoleOutLoggerTests" executed="True" result="Success" success="True" time="0.024" asserts="0">
                    <results>
                      <test-case name="Common.Logging.Simple.ConsoleOutLoggerTests.AssertDefaultSettings" executed="True" result="Success" success="True" time="0.001" asserts="7" />
                      <test-case name="Common.Logging.Simple.ConsoleOutLoggerTests.ILogTestsBase.CanCallIsEnabledFromNamedLog" executed="True" result="Success" success="True" time="0.001" asserts="0" />
                      <test-case name="Common.Logging.Simple.ConsoleOutLoggerTests.ILogTestsBase.CanCallIsEnabledFromTypeLog" executed="True" result="Success" success="True" time="0.000" asserts="0" />
                      <test-case name="Common.Logging.Simple.ConsoleOutLoggerTests.ILogTestsBase.CanLogMessageFromNamedLog" executed="True" result="Success" success="True" time="0.001" asserts="0" />
                      <test-case name="Common.Logging.Simple.ConsoleOutLoggerTests.ILogTestsBase.CanLogMessageFromTypeLog" executed="True" result="Success" success="True" time="0.000" asserts="0" />
                      <test-case name="Common.Logging.Simple.ConsoleOutLoggerTests.ILogTestsBase.CanLogMessageWithExceptionFromNamedLog" executed="True" result="Success" success="True" time="0.001" asserts="0" />
                      <test-case name="Common.Logging.Simple.ConsoleOutLoggerTests.ILogTestsBase.CanLogMessageWithExceptionFromTypeLog" executed="True" result="Success" success="True" time="0.000" asserts="0" />
                      <test-case name="Common.Logging.Simple.ConsoleOutLoggerTests.ILogTestsBase.LoggingWithNullParameters" executed="True" result="Success" success="True" time="0.000" asserts="0" />
                      <test-case name="Common.Logging.Simple.ConsoleOutLoggerTests.ILogTestsBase.SecurityPolicyIsInPlace" executed="True" result="Success" success="True" time="0.001" asserts="1" />
                    </results>
                  </test-suite>
                  <test-suite type="TestFixture" name="NoOpLoggerTests" executed="True" result="Success" success="True" time="0.021" asserts="0">
                    <results>
                      <test-case name="Common.Logging.Simple.NoOpLoggerTests.AssertDefaultSettings" executed="True" result="Success" success="True" time="0.001" asserts="7" />
                      <test-case name="Common.Logging.Simple.NoOpLoggerTests.ILogTestsBase.CanCallIsEnabledFromNamedLog" executed="True" result="Success" success="True" time="0.001" asserts="0" />
                      <test-case name="Common.Logging.Simple.NoOpLoggerTests.ILogTestsBase.CanCallIsEnabledFromTypeLog" executed="True" result="Success" success="True" time="0.001" asserts="0" />
                      <test-case name="Common.Logging.Simple.NoOpLoggerTests.ILogTestsBase.CanLogMessageFromNamedLog" executed="True" result="Success" success="True" time="0.001" asserts="0" />
                      <test-case name="Common.Logging.Simple.NoOpLoggerTests.ILogTestsBase.CanLogMessageFromTypeLog" executed="True" result="Success" success="True" time="0.000" asserts="0" />
                      <test-case name="Common.Logging.Simple.NoOpLoggerTests.ILogTestsBase.CanLogMessageWithExceptionFromNamedLog" executed="True" result="Success" success="True" time="0.000" asserts="0" />
                      <test-case name="Common.Logging.Simple.NoOpLoggerTests.ILogTestsBase.CanLogMessageWithExceptionFromTypeLog" executed="True" result="Success" success="True" time="0.000" asserts="0" />
                      <test-case name="Common.Logging.Simple.NoOpLoggerTests.ILogTestsBase.LoggingWithNullParameters" executed="True" result="Success" success="True" time="0.001" asserts="0" />
                      <test-case name="Common.Logging.Simple.NoOpLoggerTests.ILogTestsBase.SecurityPolicyIsInPlace" executed="True" result="Success" success="True" time="0.000" asserts="1" />
                    </results>
                  </test-suite>
                  <test-suite type="TestFixture" name="TraceLoggerTests" executed="True" result="Success" success="True" time="0.058" asserts="0">
                    <results>
                      <test-case name="Common.Logging.Simple.TraceLoggerTests.AssertDefaultSettings" executed="True" result="Success" success="True" time="0.001" asserts="8" />
                      <test-case name="Common.Logging.Simple.TraceLoggerTests.ILogTestsBase.CanCallIsEnabledFromNamedLog" executed="True" result="Success" success="True" time="0.000" asserts="0" />
                      <test-case name="Common.Logging.Simple.TraceLoggerTests.ILogTestsBase.CanCallIsEnabledFromTypeLog" executed="True" result="Success" success="True" time="0.000" asserts="0" />
                      <test-case name="Common.Logging.Simple.TraceLoggerTests.ILogTestsBase.CanLogMessageFromNamedLog" executed="True" result="Success" success="True" time="0.006" asserts="0" />
                      <test-case name="Common.Logging.Simple.TraceLoggerTests.ILogTestsBase.CanLogMessageFromTypeLog" executed="True" result="Success" success="True" time="0.001" asserts="0" />
                      <test-case name="Common.Logging.Simple.TraceLoggerTests.ILogTestsBase.CanLogMessageWithExceptionFromNamedLog" executed="True" result="Success" success="True" time="0.002" asserts="0" />
                      <test-case name="Common.Logging.Simple.TraceLoggerTests.ILogTestsBase.CanLogMessageWithExceptionFromTypeLog" executed="True" result="Success" success="True" time="0.002" asserts="0" />
                      <test-case name="Common.Logging.Simple.TraceLoggerTests.ILogTestsBase.LoggingWithNullParameters" executed="True" result="Success" success="True" time="0.002" asserts="0" />
                      <test-case name="Common.Logging.Simple.TraceLoggerTests.ILogTestsBase.SecurityPolicyIsInPlace" executed="True" result="Success" success="True" time="0.002" asserts="1" />
                      <test-case name="Common.Logging.Simple.TraceLoggerTests.UsesTraceSource" executed="True" result="Success" success="True" time="0.026" asserts="7" />
                    </results>
                  </test-suite>
                </results>
              </test-suite>
            </results>
          </test-suite>
        </results>
      </test-suite>
    </results>
  </test-suite>
</test-results>