<?xml version="1.0" encoding="utf-8" standalone="no"?>
<!--This file represents the results of running a test suite-->
<test-results name="C:\_prj\common-logging\build\net40\Common.Logging.EntLib.Tests\Debug\Common.Logging.EntLib.Tests.dll" total="16" errors="0" failures="0" not-run="0" inconclusive="0" ignored="0" skipped="0" invalid="0" date="2012-01-19" time="08:51:08">
  <environment nunit-version="2.5.10.11092" clr-version="2.0.50727.5448" os-version="Microsoft Windows NT 6.1.7601 Service Pack 1" platform="Win32NT" cwd="C:\_prj\common-logging\build\net40\Common.Logging.EntLib.Tests\Debug" machine-name="RAVEN" user="sbohlen" user-domain="Raven" />
  <culture-info current-culture="en-US" current-uiculture="en-US" />
  <test-suite type="Assembly" name="C:\_prj\common-logging\build\net40\Common.Logging.EntLib.Tests\Debug\Common.Logging.EntLib.Tests.dll" executed="True" result="Success" success="True" time="0.230" asserts="0">
    <results>
      <test-suite type="Namespace" name="Common" executed="True" result="Success" success="True" time="0.226" asserts="0">
        <results>
          <test-suite type="Namespace" name="Logging" executed="True" result="Success" success="True" time="0.225" asserts="0">
            <results>
              <test-suite type="Namespace" name="EntLib" executed="True" result="Success" success="True" time="0.225" asserts="0">
                <results>
                  <test-suite type="TestFixture" name="EntLibLoggerFactoryAdapterTests" executed="True" result="Success" success="True" time="0.131" asserts="0">
                    <results>
                      <test-case name="Common.Logging.EntLib.EntLibLoggerFactoryAdapterTests.CachesLoggers" executed="True" result="Success" success="True" time="0.019" asserts="1" />
                      <test-case name="Common.Logging.EntLib.EntLibLoggerFactoryAdapterTests.InitDefaults" executed="True" result="Success" success="True" time="0.010" asserts="4" />
                      <test-case name="Common.Logging.EntLib.EntLibLoggerFactoryAdapterTests.InitWithProperties" executed="True" result="Success" success="True" time="0.001" asserts="2" />
                      <test-case name="Common.Logging.EntLib.EntLibLoggerFactoryAdapterTests.LogsMessage" executed="True" result="Success" success="True" time="0.088" asserts="7" />
                    </results>
                  </test-suite>
                  <test-suite type="TestFixture" name="EntLibTests" executed="True" result="Success" success="True" time="0.080" asserts="0">
                    <results>
                      <test-case name="Common.Logging.EntLib.EntLibTests.AssertDefaultSettings" executed="True" result="Success" success="True" time="0.056" asserts="8" />
                      <test-case name="Common.Logging.EntLib.EntLibTests.ILogTestsBase.CanCallIsEnabledFromNamedLog" executed="True" result="Success" success="True" time="0.001" asserts="0" />
                      <test-case name="Common.Logging.EntLib.EntLibTests.ILogTestsBase.CanCallIsEnabledFromTypeLog" executed="True" result="Success" success="True" time="0.001" asserts="0" />
                      <test-case name="Common.Logging.EntLib.EntLibTests.ILogTestsBase.CanLogMessageFromNamedLog" executed="True" result="Success" success="True" time="0.002" asserts="0" />
                      <test-case name="Common.Logging.EntLib.EntLibTests.ILogTestsBase.CanLogMessageFromTypeLog" executed="True" result="Success" success="True" time="0.001" asserts="0" />
                      <test-case name="Common.Logging.EntLib.EntLibTests.ILogTestsBase.CanLogMessageWithExceptionFromNamedLog" executed="True" result="Success" success="True" time="0.002" asserts="0" />
                      <test-case name="Common.Logging.EntLib.EntLibTests.ILogTestsBase.CanLogMessageWithExceptionFromTypeLog" executed="True" result="Success" success="True" time="0.001" asserts="0" />
                      <test-case name="Common.Logging.EntLib.EntLibTests.ILogTestsBase.LoggingWithNullParameters" executed="True" result="Success" success="True" time="0.010" asserts="0" />
                      <test-case name="Common.Logging.EntLib.EntLibTests.ILogTestsBase.SecurityPolicyIsInPlace" executed="True" result="Success" success="True" time="0.000" asserts="0" />
                    </results>
                  </test-suite>
                  <test-suite type="TestFixture" name="SeverityFilterTests" executed="True" result="Success" success="True" time="0.005" asserts="0">
                    <results>
                      <test-case name="Common.Logging.EntLib.SeverityFilterTests.DefaultSettings" executed="True" result="Success" success="True" time="0.000" asserts="2" />
                      <test-case name="Common.Logging.EntLib.SeverityFilterTests.FiltersByMask" executed="True" result="Success" success="True" time="0.000" asserts="6" />
                      <test-case name="Common.Logging.EntLib.SeverityFilterTests.SetsProperties" executed="True" result="Success" success="True" time="0.000" asserts="4" />
                    </results>
                  </test-suite>
                </results>
              </test-suite>
            </results>
          </test-suite>
        </results>
      </test-suite>
    </results>
  </test-suite>
</test-results>