<?xml version="1.0" encoding="utf-8" standalone="no"?>
<!--This file represents the results of running a test suite-->
<test-results name="C:\_prj\common-logging\build\net40\Common.Logging.NLog.Tests\Debug\Common.Logging.NLog.Tests.dll" total="10" errors="0" failures="0" not-run="0" inconclusive="0" ignored="0" skipped="0" invalid="0" date="2012-01-19" time="08:51:26">
  <environment nunit-version="2.5.10.11092" clr-version="2.0.50727.5448" os-version="Microsoft Windows NT 6.1.7601 Service Pack 1" platform="Win32NT" cwd="C:\_prj\common-logging\build\net40\Common.Logging.NLog.Tests\Debug" machine-name="RAVEN" user="sbohlen" user-domain="Raven" />
  <culture-info current-culture="en-US" current-uiculture="en-US" />
  <test-suite type="Assembly" name="C:\_prj\common-logging\build\net40\Common.Logging.NLog.Tests\Debug\Common.Logging.NLog.Tests.dll" executed="True" result="Success" success="True" time="0.214" asserts="0">
    <results>
      <test-suite type="Namespace" name="Common" executed="True" result="Success" success="True" time="0.210" asserts="0">
        <results>
          <test-suite type="Namespace" name="Logger" executed="True" result="Success" success="True" time="0.210" asserts="0">
            <results>
              <test-suite type="Namespace" name="NLog" executed="True" result="Success" success="True" time="0.209" asserts="0">
                <results>
                  <test-suite type="TestFixture" name="CommonLoggingTargetTests" executed="True" result="Success" success="True" time="0.135" asserts="0">
                    <results>
                      <test-case name="Common.Logger.NLog.CommonLoggingTargetTests.RoutesToCommonLogging" executed="True" result="Success" success="True" time="0.130" asserts="3" />
                    </results>
                  </test-suite>
                  <test-suite type="TestFixture" name="NLogLoggerFactoryAdapterTests" executed="True" result="Success" success="True" time="0.069" asserts="0">
                    <results>
                      <test-case name="Common.Logger.NLog.NLogLoggerFactoryAdapterTests.ILogTestsBase.CanCallIsEnabledFromNamedLog" executed="True" result="Success" success="True" time="0.039" asserts="0" />
                      <test-case name="Common.Logger.NLog.NLogLoggerFactoryAdapterTests.ILogTestsBase.CanCallIsEnabledFromTypeLog" executed="True" result="Success" success="True" time="0.001" asserts="0" />
                      <test-case name="Common.Logger.NLog.NLogLoggerFactoryAdapterTests.ILogTestsBase.CanLogMessageFromNamedLog" executed="True" result="Success" success="True" time="0.003" asserts="0" />
                      <test-case name="Common.Logger.NLog.NLogLoggerFactoryAdapterTests.ILogTestsBase.CanLogMessageFromTypeLog" executed="True" result="Success" success="True" time="0.001" asserts="0" />
                      <test-case name="Common.Logger.NLog.NLogLoggerFactoryAdapterTests.ILogTestsBase.CanLogMessageWithExceptionFromNamedLog" executed="True" result="Success" success="True" time="0.003" asserts="0" />
                      <test-case name="Common.Logger.NLog.NLogLoggerFactoryAdapterTests.ILogTestsBase.CanLogMessageWithExceptionFromTypeLog" executed="True" result="Success" success="True" time="0.001" asserts="0" />
                      <test-case name="Common.Logger.NLog.NLogLoggerFactoryAdapterTests.ILogTestsBase.LoggingWithNullParameters" executed="True" result="Success" success="True" time="0.008" asserts="0" />
                      <test-case name="Common.Logger.NLog.NLogLoggerFactoryAdapterTests.ILogTestsBase.SecurityPolicyIsInPlace" executed="True" result="Success" success="True" time="0.000" asserts="0" />
                      <test-case name="Common.Logger.NLog.NLogLoggerFactoryAdapterTests.LogsUserStackFrame" executed="True" result="Success" success="True" time="0.005" asserts="2" />
                    </results>
                  </test-suite>
                </results>
              </test-suite>
            </results>
          </test-suite>
        </results>
      </test-suite>
    </results>
  </test-suite>
</test-results>