<?xml version="1.0" encoding="utf-8" standalone="no"?>
<!--This file represents the results of running a test suite-->
<test-results name="C:\_prj\common-logging\build\net40\Common.Logging.Tests.Integration.Vb\Debug\Common.Logging.Tests.Integration.Vb.dll" total="1" errors="0" failures="0" not-run="0" inconclusive="0" ignored="0" skipped="0" invalid="0" date="2012-01-19" time="08:51:52">
  <environment nunit-version="2.5.10.11092" clr-version="2.0.50727.5448" os-version="Microsoft Windows NT 6.1.7601 Service Pack 1" platform="Win32NT" cwd="C:\_prj\common-logging\build\net40\Common.Logging.Tests.Integration.Vb\Debug" machine-name="RAVEN" user="sbohlen" user-domain="Raven" />
  <culture-info current-culture="en-US" current-uiculture="en-US" />
  <test-suite type="Assembly" name="C:\_prj\common-logging\build\net40\Common.Logging.Tests.Integration.Vb\Debug\Common.Logging.Tests.Integration.Vb.dll" executed="True" result="Success" success="True" time="0.030" asserts="0">
    <results>
      <test-suite type="Namespace" name="Common" executed="True" result="Success" success="True" time="0.026" asserts="0">
        <results>
          <test-suite type="TestFixture" name="Class1" executed="True" result="Success" success="True" time="0.025" asserts="0">
            <results>
              <test-case name="Common.Class1.CanCompile" executed="True" result="Success" success="True" time="0.019" asserts="0" />
            </results>
          </test-suite>
        </results>
      </test-suite>
    </results>
  </test-suite>
</test-results>