<?xml version="1.0" encoding="utf-8" standalone="no"?>
<!--This file represents the results of running a test suite-->
<test-results name="C:\_prj\common-logging\build\net40\Common.Logging.EntLib.Tests.Integration\Release\Common.Logging.EntLib.Tests.Integration.dll" total="1" errors="0" failures="0" not-run="0" inconclusive="0" ignored="0" skipped="0" invalid="0" date="2012-01-19" time="08:51:38">
  <environment nunit-version="2.5.10.11092" clr-version="2.0.50727.5448" os-version="Microsoft Windows NT 6.1.7601 Service Pack 1" platform="Win32NT" cwd="C:\_prj\common-logging\build\net40\Common.Logging.EntLib.Tests.Integration\Release" machine-name="RAVEN" user="sbohlen" user-domain="Raven" />
  <culture-info current-culture="en-US" current-uiculture="en-US" />
  <test-suite type="Assembly" name="C:\_prj\common-logging\build\net40\Common.Logging.EntLib.Tests.Integration\Release\Common.Logging.EntLib.Tests.Integration.dll" executed="True" result="Success" success="True" time="0.339" asserts="0">
    <results>
      <test-suite type="Namespace" name="Common" executed="True" result="Success" success="True" time="0.334" asserts="0">
        <results>
          <test-suite type="Namespace" name="Logging" executed="True" result="Success" success="True" time="0.334" asserts="0">
            <results>
              <test-suite type="Namespace" name="EntLib" executed="True" result="Success" success="True" time="0.333" asserts="0">
                <results>
                  <test-suite type="TestFixture" name="CommonLoggingEntlibTraceListenerTests" executed="True" result="Success" success="True" time="0.333" asserts="0">
                    <results>
                      <test-case name="Common.Logging.EntLib.CommonLoggingEntlibTraceListenerTests.RedirectsToCommonLogging" executed="True" result="Success" success="True" time="0.326" asserts="7" />
                    </results>
                  </test-suite>
                </results>
              </test-suite>
            </results>
          </test-suite>
        </results>
      </test-suite>
    </results>
  </test-suite>
</test-results>